<?xml version="1.0" encoding="UTF-8"?>
<!-- Generated by org.testng.reporters.JUnitReportReporter -->
<testsuite hostname="DESKTOP-6PQAFCJ" failures="0" tests="1" name="FunctionalTests.PIMManageTest" time="27.559" errors="0" timestamp="2024-04-07T00:55:11 IST" skipped="0">
  <testcase classname="FunctionalTests.PIMManageTest" name="manageEmp" time="27.559"/>
  <system-out/>
</testsuite> <!-- FunctionalTests.PIMManageTest -->
