<?xml version="1.0" encoding="UTF-8"?>
<!-- Generated by org.testng.reporters.JUnitReportReporter -->
<testsuite hostname="DESKTOP-6PQAFCJ" failures="0" tests="1" name="FunctionalTests.AdminManageTest" time="35.778" errors="0" timestamp="2024-04-07T00:55:11 IST" skipped="0">
  <testcase classname="FunctionalTests.AdminManageTest" name="manageAdminUser" time="35.778"/>
  <system-out/>
</testsuite> <!-- FunctionalTests.AdminManageTest -->
