<?xml version="1.0" encoding="UTF-8"?>
<!-- Generated by org.testng.reporters.JUnitReportReporter -->
<testsuite hostname="DESKTOP-6PQAFCJ" failures="0" tests="1" name="FunctionalTests.LoginTest" time="8.463" errors="0" timestamp="2024-04-07T00:55:11 IST" skipped="0">
  <testcase classname="FunctionalTests.LoginTest" name="LoginToApp" time="8.463"/>
  <system-out/>
</testsuite> <!-- FunctionalTests.LoginTest -->
